a:\usuarios\joseph\desktop\una\v ciclo\programacion ii\proyectos\proyecto #2\damas\damas\debug\vc142.pdb
a:\usuarios\joseph\desktop\una\v ciclo\programacion ii\proyectos\proyecto #2\damas\damas\debug\vc142.idb
a:\usuarios\joseph\desktop\una\v ciclo\programacion ii\proyectos\proyecto #2\damas\damas\debug\tablero.obj
a:\usuarios\joseph\desktop\una\v ciclo\programacion ii\proyectos\proyecto #2\damas\damas\debug\moverfichas.obj
a:\usuarios\joseph\desktop\una\v ciclo\programacion ii\proyectos\proyecto #2\damas\damas\debug\modonormal.obj
a:\usuarios\joseph\desktop\una\v ciclo\programacion ii\proyectos\proyecto #2\damas\damas\debug\modofacil.obj
a:\usuarios\joseph\desktop\una\v ciclo\programacion ii\proyectos\proyecto #2\damas\damas\debug\mododificil.obj
a:\usuarios\joseph\desktop\una\v ciclo\programacion ii\proyectos\proyecto #2\damas\damas\debug\juego.obj
a:\usuarios\joseph\desktop\una\v ciclo\programacion ii\proyectos\proyecto #2\damas\damas\debug\damas españolas.obj
a:\usuarios\joseph\desktop\una\v ciclo\programacion ii\proyectos\proyecto #2\damas\damas\debug\maquina.obj
a:\usuarios\joseph\desktop\una\v ciclo\programacion ii\proyectos\proyecto #2\damas\debug\damas.exe
a:\usuarios\joseph\desktop\una\v ciclo\programacion ii\proyectos\proyecto #2\damas\debug\damas.ilk
a:\usuarios\joseph\desktop\una\v ciclo\programacion ii\proyectos\proyecto #2\damas\debug\damas.pdb
a:\usuarios\joseph\desktop\una\v ciclo\programacion ii\proyectos\proyecto #2\damas\damas\debug\nativecodeanalysis.read.1.tlog
a:\usuarios\joseph\desktop\una\v ciclo\programacion ii\proyectos\proyecto #2\damas\damas\debug\damas españolas.nativecodeanalysis.xml
a:\usuarios\joseph\desktop\una\v ciclo\programacion ii\proyectos\proyecto #2\damas\damas\debug\juego.nativecodeanalysis.xml
a:\usuarios\joseph\desktop\una\v ciclo\programacion ii\proyectos\proyecto #2\damas\damas\debug\maquina.nativecodeanalysis.xml
a:\usuarios\joseph\desktop\una\v ciclo\programacion ii\proyectos\proyecto #2\damas\damas\debug\mododificil.nativecodeanalysis.xml
a:\usuarios\joseph\desktop\una\v ciclo\programacion ii\proyectos\proyecto #2\damas\damas\debug\modofacil.nativecodeanalysis.xml
a:\usuarios\joseph\desktop\una\v ciclo\programacion ii\proyectos\proyecto #2\damas\damas\debug\modonormal.nativecodeanalysis.xml
a:\usuarios\joseph\desktop\una\v ciclo\programacion ii\proyectos\proyecto #2\damas\damas\debug\moverfichas.nativecodeanalysis.xml
a:\usuarios\joseph\desktop\una\v ciclo\programacion ii\proyectos\proyecto #2\damas\damas\debug\tablero.nativecodeanalysis.xml
a:\usuarios\joseph\desktop\una\v ciclo\programacion ii\proyectos\proyecto #2\damas\damas\debug\vc.nativecodeanalysis.all.xml
a:\usuarios\joseph\desktop\una\v ciclo\programacion ii\proyectos\proyecto #2\damas\debug\damas.exe.lastcodeanalysissucceeded
a:\usuarios\joseph\desktop\una\v ciclo\programacion ii\proyectos\proyecto #2\damas\damas\debug\damas.tlog\cl.command.1.tlog
a:\usuarios\joseph\desktop\una\v ciclo\programacion ii\proyectos\proyecto #2\damas\damas\debug\damas.tlog\cl.read.1.tlog
a:\usuarios\joseph\desktop\una\v ciclo\programacion ii\proyectos\proyecto #2\damas\damas\debug\damas.tlog\cl.write.1.tlog
a:\usuarios\joseph\desktop\una\v ciclo\programacion ii\proyectos\proyecto #2\damas\damas\debug\damas.tlog\link.command.1.tlog
a:\usuarios\joseph\desktop\una\v ciclo\programacion ii\proyectos\proyecto #2\damas\damas\debug\damas.tlog\link.read.1.tlog
a:\usuarios\joseph\desktop\una\v ciclo\programacion ii\proyectos\proyecto #2\damas\damas\debug\damas.tlog\link.write.1.tlog
